2025-08-06 10:33:18.062 [background-preinit] INFO  o.h.validator.internal.util.Version - HV000001: Hibernate Validator 8.0.1.Final
2025-08-06 10:33:18.193 [restartedMain] INFO  c.p.m.MicrocuentasApplication - Starting MicrocuentasApplication using Java 21.0.3 with PID 11504 (C:\Users\Usuario\Downloads\retojv-main (1)\retojv-main\retojv-main\proy\microcuentas\microcuentas\target\classes started by Usuario in C:\Users\Usuario\Downloads\retojv-main (1)\retojv-main\retojv-main\proy\microcuentas\microcuentas)
2025-08-06 10:33:18.211 [restartedMain] INFO  c.p.m.MicrocuentasApplication - No active profile set, falling back to 1 default profile: "default"
2025-08-06 10:33:18.368 [restartedMain] INFO  o.s.b.d.e.DevToolsPropertyDefaultsPostProcessor - Devtools property defaults active! Set 'spring.devtools.add-properties' to 'false' to disable
2025-08-06 10:33:18.369 [restartedMain] INFO  o.s.b.d.e.DevToolsPropertyDefaultsPostProcessor - For additional web related logging consider setting the 'logging.level.web' property to 'DEBUG'
2025-08-06 10:33:20.178 [restartedMain] INFO  o.s.d.r.c.RepositoryConfigurationDelegate - Bootstrapping Spring Data JPA repositories in DEFAULT mode.
2025-08-06 10:33:20.448 [restartedMain] INFO  o.s.d.r.c.RepositoryConfigurationDelegate - Finished Spring Data repository scanning in 254 ms. Found 2 JPA repository interfaces.
2025-08-06 10:33:21.077 [restartedMain] INFO  o.s.cloud.context.scope.GenericScope - BeanFactory id=f89001c4-3377-3564-82e2-c32991fd6c4d
2025-08-06 10:33:22.079 [restartedMain] INFO  o.s.b.w.e.tomcat.TomcatWebServer - Tomcat initialized with port 0 (http)
2025-08-06 10:33:22.094 [restartedMain] INFO  o.a.coyote.http11.Http11NioProtocol - Initializing ProtocolHandler ["http-nio-auto-1"]
2025-08-06 10:33:22.095 [restartedMain] INFO  o.a.catalina.core.StandardService - Starting service [Tomcat]
2025-08-06 10:33:22.096 [restartedMain] INFO  o.a.catalina.core.StandardEngine - Starting Servlet engine: [Apache Tomcat/10.1.19]
2025-08-06 10:33:22.228 [restartedMain] INFO  o.a.c.c.C.[Tomcat].[localhost].[/] - Initializing Spring embedded WebApplicationContext
2025-08-06 10:33:22.229 [restartedMain] INFO  o.s.b.w.s.c.ServletWebServerApplicationContext - Root WebApplicationContext: initialization completed in 3853 ms
2025-08-06 10:33:22.458 [restartedMain] INFO  com.zaxxer.hikari.HikariDataSource - HikariPool-1 - Starting...
2025-08-06 10:33:22.743 [restartedMain] INFO  com.zaxxer.hikari.pool.HikariPool - HikariPool-1 - Added connection org.postgresql.jdbc.PgConnection@1f3f9861
2025-08-06 10:33:22.747 [restartedMain] INFO  com.zaxxer.hikari.HikariDataSource - HikariPool-1 - Start completed.
2025-08-06 10:33:22.899 [restartedMain] INFO  o.h.jpa.internal.util.LogHelper - HHH000204: Processing PersistenceUnitInfo [name: default]
2025-08-06 10:33:22.993 [restartedMain] INFO  org.hibernate.Version - HHH000412: Hibernate ORM core version 6.4.4.Final
2025-08-06 10:33:23.049 [restartedMain] INFO  o.h.c.i.RegionFactoryInitiator - HHH000026: Second-level cache disabled
2025-08-06 10:33:23.526 [restartedMain] INFO  o.s.o.j.p.SpringPersistenceUnitInfo - No LoadTimeWeaver setup: ignoring JPA class transformer
2025-08-06 10:33:25.042 [restartedMain] INFO  o.h.e.t.j.p.i.JtaPlatformInitiator - HHH000489: No JTA platform available (set 'hibernate.transaction.jta.platform' to enable JTA platform integration)
2025-08-06 10:33:25.367 [restartedMain] INFO  o.s.o.j.LocalContainerEntityManagerFactoryBean - Initialized JPA EntityManagerFactory for persistence unit 'default'
2025-08-06 10:33:26.178 [restartedMain] INFO  o.s.d.j.r.query.QueryEnhancerFactory - Hibernate is in classpath; If applicable, HQL parser will be used.
2025-08-06 10:33:28.810 [restartedMain] INFO  o.s.cloud.commons.util.InetUtils - Cannot determine local hostname
2025-08-06 10:33:29.884 [restartedMain] INFO  o.s.cloud.commons.util.InetUtils - Cannot determine local hostname
2025-08-06 10:33:29.945 [restartedMain] INFO  o.s.c.n.e.c.DiscoveryClientOptionalArgsConfiguration - Eureka HTTP Client uses RestTemplate.
2025-08-06 10:33:30.991 [restartedMain] INFO  o.s.cloud.commons.util.InetUtils - Cannot determine local hostname
2025-08-06 10:33:31.178 [restartedMain] INFO  o.a.coyote.http11.Http11NioProtocol - Starting ProtocolHandler ["http-nio-auto-1"]
2025-08-06 10:33:31.204 [restartedMain] INFO  o.s.b.w.e.tomcat.TomcatWebServer - Tomcat started on port 59736 (http) with context path ''
2025-08-06 10:33:31.209 [restartedMain] INFO  o.s.c.n.e.s.EurekaAutoServiceRegistration - Updating port to 59736
2025-08-06 10:33:31.215 [restartedMain] INFO  o.s.c.n.eureka.InstanceInfoFactory - Setting initial instance status as: STARTING
2025-08-06 10:33:31.260 [restartedMain] INFO  c.netflix.discovery.DiscoveryClient - Initializing Eureka in region us-east-1
2025-08-06 10:33:31.264 [restartedMain] INFO  c.n.d.s.r.aws.ConfigClusterResolver - Resolving eureka endpoints via configuration
2025-08-06 10:33:31.278 [restartedMain] INFO  c.netflix.discovery.DiscoveryClient - Disable delta property : false
2025-08-06 10:33:31.279 [restartedMain] INFO  c.netflix.discovery.DiscoveryClient - Single vip registry refresh property : null
2025-08-06 10:33:31.279 [restartedMain] INFO  c.netflix.discovery.DiscoveryClient - Force full registry fetch : false
2025-08-06 10:33:31.279 [restartedMain] INFO  c.netflix.discovery.DiscoveryClient - Application is null : false
2025-08-06 10:33:31.279 [restartedMain] INFO  c.netflix.discovery.DiscoveryClient - Registered Applications size is zero : true
2025-08-06 10:33:31.279 [restartedMain] INFO  c.netflix.discovery.DiscoveryClient - Application version is -1: true
2025-08-06 10:33:31.279 [restartedMain] INFO  c.netflix.discovery.DiscoveryClient - Getting all instance registry info from the eureka server
2025-08-06 10:33:32.309 [restartedMain] INFO  c.netflix.discovery.DiscoveryClient - The response status is 200
2025-08-06 10:33:32.312 [restartedMain] INFO  c.netflix.discovery.DiscoveryClient - Starting heartbeat executor: renew interval is: 30
2025-08-06 10:33:32.314 [restartedMain] INFO  c.n.discovery.InstanceInfoReplicator - InstanceInfoReplicator onDemand update allowed rate per min is 4
2025-08-06 10:33:32.320 [restartedMain] INFO  c.netflix.discovery.DiscoveryClient - Discovery Client initialized at timestamp 1754494412315 with initial instances count: 0
2025-08-06 10:33:32.327 [restartedMain] INFO  o.s.c.n.e.s.EurekaServiceRegistry - Registering application MICROCUENTAS with eureka with status UP
2025-08-06 10:33:32.328 [restartedMain] INFO  c.netflix.discovery.DiscoveryClient - Saw local status change event StatusChangeEvent [timestamp=1754494412328, current=UP, previous=STARTING]
2025-08-06 10:33:32.329 [DiscoveryClient-InstanceInfoReplicator-%d] INFO  c.netflix.discovery.DiscoveryClient - DiscoveryClient_MICROCUENTAS/microcuentas:85bc2bb7-b320-4931-8c6f-5159e1ac3d4b: registering service...
2025-08-06 10:33:32.553 [DiscoveryClient-InstanceInfoReplicator-%d] INFO  c.netflix.discovery.DiscoveryClient - DiscoveryClient_MICROCUENTAS/microcuentas:85bc2bb7-b320-4931-8c6f-5159e1ac3d4b - registration status: 204
2025-08-06 10:33:33.362 [restartedMain] INFO  o.s.cloud.commons.util.InetUtils - Cannot determine local hostname
2025-08-06 10:33:34.390 [restartedMain] INFO  o.s.cloud.commons.util.InetUtils - Cannot determine local hostname
2025-08-06 10:33:34.410 [restartedMain] INFO  c.p.m.MicrocuentasApplication - Started MicrocuentasApplication in 18.217 seconds (process running for 19.125)
2025-08-06 10:34:02.315 [DiscoveryClient-CacheRefreshExecutor-%d] INFO  c.netflix.discovery.DiscoveryClient - Disable delta property : false
2025-08-06 10:34:02.317 [DiscoveryClient-CacheRefreshExecutor-%d] INFO  c.netflix.discovery.DiscoveryClient - Single vip registry refresh property : null
2025-08-06 10:34:02.318 [DiscoveryClient-CacheRefreshExecutor-%d] INFO  c.netflix.discovery.DiscoveryClient - Force full registry fetch : false
2025-08-06 10:34:02.318 [DiscoveryClient-CacheRefreshExecutor-%d] INFO  c.netflix.discovery.DiscoveryClient - Application is null : false
2025-08-06 10:34:02.319 [DiscoveryClient-CacheRefreshExecutor-%d] INFO  c.netflix.discovery.DiscoveryClient - Registered Applications size is zero : true
2025-08-06 10:34:02.321 [DiscoveryClient-CacheRefreshExecutor-%d] INFO  c.netflix.discovery.DiscoveryClient - Application version is -1: false
2025-08-06 10:34:02.321 [DiscoveryClient-CacheRefreshExecutor-%d] INFO  c.netflix.discovery.DiscoveryClient - Getting all instance registry info from the eureka server
2025-08-06 10:34:02.362 [DiscoveryClient-CacheRefreshExecutor-%d] INFO  c.netflix.discovery.DiscoveryClient - The response status is 200
2025-08-06 10:36:29.224 [File Watcher] INFO  o.s.b.d.a.LocalDevToolsAutoConfiguration$RestartingClassPathChangeChangedEventListener - Restarting due to 2 class path changes (0 additions, 0 deletions, 2 modifications)
2025-08-06 10:36:29.227 [Thread-1] INFO  o.s.c.n.e.s.EurekaServiceRegistry - Unregistering application MICROCUENTAS with eureka with status DOWN
2025-08-06 10:36:29.228 [Thread-1] INFO  c.netflix.discovery.DiscoveryClient - Saw local status change event StatusChangeEvent [timestamp=1754494589228, current=DOWN, previous=UP]
2025-08-06 10:36:29.228 [DiscoveryClient-InstanceInfoReplicator-%d] INFO  c.netflix.discovery.DiscoveryClient - DiscoveryClient_MICROCUENTAS/microcuentas:85bc2bb7-b320-4931-8c6f-5159e1ac3d4b: registering service...
2025-08-06 10:36:29.233 [Thread-1] INFO  o.a.coyote.http11.Http11NioProtocol - Stopping ProtocolHandler ["http-nio-auto-1-59736"]
2025-08-06 10:36:29.263 [DiscoveryClient-InstanceInfoReplicator-%d] INFO  c.netflix.discovery.DiscoveryClient - DiscoveryClient_MICROCUENTAS/microcuentas:85bc2bb7-b320-4931-8c6f-5159e1ac3d4b - registration status: 204
2025-08-06 10:36:29.271 [Thread-1] INFO  o.s.o.j.LocalContainerEntityManagerFactoryBean - Closing JPA EntityManagerFactory for persistence unit 'default'
2025-08-06 10:36:29.279 [Thread-1] INFO  com.zaxxer.hikari.HikariDataSource - HikariPool-1 - Shutdown initiated...
2025-08-06 10:36:29.289 [Thread-1] INFO  com.zaxxer.hikari.HikariDataSource - HikariPool-1 - Shutdown completed.
2025-08-06 10:36:29.294 [Thread-1] INFO  c.netflix.discovery.DiscoveryClient - Shutting down DiscoveryClient ...
2025-08-06 10:36:32.313 [Thread-1] INFO  c.netflix.discovery.DiscoveryClient - Unregistering ...
2025-08-06 10:36:32.340 [Thread-1] INFO  c.netflix.discovery.DiscoveryClient - DiscoveryClient_MICROCUENTAS/microcuentas:85bc2bb7-b320-4931-8c6f-5159e1ac3d4b - deregister  status: 200
2025-08-06 10:36:32.340 [Thread-1] INFO  c.netflix.discovery.DiscoveryClient - Completed shut down of DiscoveryClient
2025-08-06 10:36:33.549 [restartedMain] INFO  c.p.m.MicrocuentasApplication - Starting MicrocuentasApplication using Java 21.0.3 with PID 11504 (C:\Users\Usuario\Downloads\retojv-main (1)\retojv-main\retojv-main\proy\microcuentas\microcuentas\target\classes started by Usuario in C:\Users\Usuario\Downloads\retojv-main (1)\retojv-main\retojv-main\proy\microcuentas\microcuentas)
2025-08-06 10:36:33.550 [restartedMain] INFO  c.p.m.MicrocuentasApplication - No active profile set, falling back to 1 default profile: "default"
2025-08-06 10:36:33.786 [restartedMain] INFO  o.s.d.r.c.RepositoryConfigurationDelegate - Bootstrapping Spring Data JPA repositories in DEFAULT mode.
2025-08-06 10:36:33.796 [restartedMain] INFO  o.s.d.r.c.RepositoryConfigurationDelegate - Finished Spring Data repository scanning in 9 ms. Found 2 JPA repository interfaces.
2025-08-06 10:36:33.882 [restartedMain] INFO  o.s.cloud.context.scope.GenericScope - BeanFactory id=f89001c4-3377-3564-82e2-c32991fd6c4d
2025-08-06 10:36:33.955 [restartedMain] INFO  o.s.b.w.e.tomcat.TomcatWebServer - Tomcat initialized with port 0 (http)
2025-08-06 10:36:33.956 [restartedMain] INFO  o.a.coyote.http11.Http11NioProtocol - Initializing ProtocolHandler ["http-nio-auto-2"]
2025-08-06 10:36:33.957 [restartedMain] INFO  o.a.catalina.core.StandardService - Starting service [Tomcat]
2025-08-06 10:36:33.957 [restartedMain] INFO  o.a.catalina.core.StandardEngine - Starting Servlet engine: [Apache Tomcat/10.1.19]
2025-08-06 10:36:33.987 [restartedMain] INFO  o.a.c.c.C.[Tomcat].[localhost].[/] - Initializing Spring embedded WebApplicationContext
2025-08-06 10:36:33.987 [restartedMain] INFO  o.s.b.w.s.c.ServletWebServerApplicationContext - Root WebApplicationContext: initialization completed in 435 ms
2025-08-06 10:36:34.010 [restartedMain] INFO  com.zaxxer.hikari.HikariDataSource - HikariPool-2 - Starting...
2025-08-06 10:36:34.039 [restartedMain] INFO  com.zaxxer.hikari.pool.HikariPool - HikariPool-2 - Added connection org.postgresql.jdbc.PgConnection@6e7001d6
2025-08-06 10:36:34.040 [restartedMain] INFO  com.zaxxer.hikari.HikariDataSource - HikariPool-2 - Start completed.
2025-08-06 10:36:34.059 [restartedMain] INFO  o.h.jpa.internal.util.LogHelper - HHH000204: Processing PersistenceUnitInfo [name: default]
2025-08-06 10:36:34.062 [restartedMain] INFO  o.h.c.i.RegionFactoryInitiator - HHH000026: Second-level cache disabled
2025-08-06 10:36:34.072 [restartedMain] INFO  o.s.o.j.p.SpringPersistenceUnitInfo - No LoadTimeWeaver setup: ignoring JPA class transformer
2025-08-06 10:36:34.136 [restartedMain] INFO  o.h.e.t.j.p.i.JtaPlatformInitiator - HHH000489: No JTA platform available (set 'hibernate.transaction.jta.platform' to enable JTA platform integration)
2025-08-06 10:36:34.168 [restartedMain] INFO  o.s.o.j.LocalContainerEntityManagerFactoryBean - Initialized JPA EntityManagerFactory for persistence unit 'default'
2025-08-06 10:36:35.508 [restartedMain] INFO  o.s.cloud.commons.util.InetUtils - Cannot determine local hostname
2025-08-06 10:36:36.692 [restartedMain] INFO  o.s.cloud.commons.util.InetUtils - Cannot determine local hostname
2025-08-06 10:36:36.701 [restartedMain] INFO  o.s.c.n.e.c.DiscoveryClientOptionalArgsConfiguration - Eureka HTTP Client uses RestTemplate.
2025-08-06 10:36:37.722 [restartedMain] INFO  o.s.cloud.commons.util.InetUtils - Cannot determine local hostname
2025-08-06 10:36:37.787 [restartedMain] INFO  o.a.coyote.http11.Http11NioProtocol - Starting ProtocolHandler ["http-nio-auto-2"]
2025-08-06 10:36:37.791 [restartedMain] INFO  o.s.b.w.e.tomcat.TomcatWebServer - Tomcat started on port 59831 (http) with context path ''
2025-08-06 10:36:37.793 [restartedMain] INFO  o.s.c.n.e.s.EurekaAutoServiceRegistration - Updating port to 59831
2025-08-06 10:36:37.796 [restartedMain] INFO  o.s.c.n.eureka.InstanceInfoFactory - Setting initial instance status as: STARTING
2025-08-06 10:36:37.801 [restartedMain] INFO  c.netflix.discovery.DiscoveryClient - Initializing Eureka in region us-east-1
2025-08-06 10:36:37.801 [restartedMain] INFO  c.n.d.s.r.aws.ConfigClusterResolver - Resolving eureka endpoints via configuration
2025-08-06 10:36:37.802 [restartedMain] INFO  c.netflix.discovery.DiscoveryClient - Disable delta property : false
2025-08-06 10:36:37.802 [restartedMain] INFO  c.netflix.discovery.DiscoveryClient - Single vip registry refresh property : null
2025-08-06 10:36:37.802 [restartedMain] INFO  c.netflix.discovery.DiscoveryClient - Force full registry fetch : false
2025-08-06 10:36:37.803 [restartedMain] INFO  c.netflix.discovery.DiscoveryClient - Application is null : false
2025-08-06 10:36:37.803 [restartedMain] INFO  c.netflix.discovery.DiscoveryClient - Registered Applications size is zero : true
2025-08-06 10:36:37.803 [restartedMain] INFO  c.netflix.discovery.DiscoveryClient - Application version is -1: true
2025-08-06 10:36:37.803 [restartedMain] INFO  c.netflix.discovery.DiscoveryClient - Getting all instance registry info from the eureka server
2025-08-06 10:36:37.864 [restartedMain] INFO  c.netflix.discovery.DiscoveryClient - The response status is 200
2025-08-06 10:36:37.865 [restartedMain] INFO  c.netflix.discovery.DiscoveryClient - Starting heartbeat executor: renew interval is: 30
2025-08-06 10:36:37.867 [restartedMain] INFO  c.n.discovery.InstanceInfoReplicator - InstanceInfoReplicator onDemand update allowed rate per min is 4
2025-08-06 10:36:37.868 [restartedMain] INFO  c.netflix.discovery.DiscoveryClient - Discovery Client initialized at timestamp 1754494597868 with initial instances count: 1
2025-08-06 10:36:37.873 [restartedMain] INFO  o.s.c.n.e.s.EurekaServiceRegistry - Registering application MICROCUENTAS with eureka with status UP
2025-08-06 10:36:37.874 [restartedMain] INFO  c.netflix.discovery.DiscoveryClient - Saw local status change event StatusChangeEvent [timestamp=1754494597874, current=UP, previous=STARTING]
2025-08-06 10:36:37.874 [DiscoveryClient-InstanceInfoReplicator-%d] INFO  c.netflix.discovery.DiscoveryClient - DiscoveryClient_MICROCUENTAS/microcuentas:2e27a045-615c-4631-92c9-27982c060cf1: registering service...
2025-08-06 10:36:37.919 [DiscoveryClient-InstanceInfoReplicator-%d] INFO  c.netflix.discovery.DiscoveryClient - DiscoveryClient_MICROCUENTAS/microcuentas:2e27a045-615c-4631-92c9-27982c060cf1 - registration status: 204
2025-08-06 10:36:38.916 [restartedMain] INFO  o.s.cloud.commons.util.InetUtils - Cannot determine local hostname
2025-08-06 10:36:39.943 [restartedMain] INFO  o.s.cloud.commons.util.InetUtils - Cannot determine local hostname
2025-08-06 10:36:39.952 [restartedMain] INFO  c.p.m.MicrocuentasApplication - Started MicrocuentasApplication in 7.492 seconds (process running for 204.667)
2025-08-06 10:36:39.954 [restartedMain] INFO  o.s.b.d.a.ConditionEvaluationDeltaLoggingListener - Condition evaluation unchanged
2025-08-06 10:41:37.818 [AsyncResolver-bootstrap-executor-%d] INFO  c.n.d.s.r.aws.ConfigClusterResolver - Resolving eureka endpoints via configuration
2025-08-06 10:41:51.035 [SpringApplicationShutdownHook] INFO  o.s.c.n.e.s.EurekaServiceRegistry - Unregistering application MICROCUENTAS with eureka with status DOWN
2025-08-06 10:41:51.036 [SpringApplicationShutdownHook] INFO  c.netflix.discovery.DiscoveryClient - Saw local status change event StatusChangeEvent [timestamp=1754494911036, current=DOWN, previous=UP]
2025-08-06 10:41:51.036 [DiscoveryClient-InstanceInfoReplicator-%d] INFO  c.netflix.discovery.DiscoveryClient - DiscoveryClient_MICROCUENTAS/microcuentas:2e27a045-615c-4631-92c9-27982c060cf1: registering service...
2025-08-06 10:41:51.084 [SpringApplicationShutdownHook] INFO  o.s.o.j.LocalContainerEntityManagerFactoryBean - Closing JPA EntityManagerFactory for persistence unit 'default'
2025-08-06 10:41:51.087 [SpringApplicationShutdownHook] INFO  com.zaxxer.hikari.HikariDataSource - HikariPool-2 - Shutdown initiated...
2025-08-06 10:41:51.115 [SpringApplicationShutdownHook] INFO  com.zaxxer.hikari.HikariDataSource - HikariPool-2 - Shutdown completed.
2025-08-06 10:41:51.118 [DiscoveryClient-InstanceInfoReplicator-%d] INFO  c.netflix.discovery.DiscoveryClient - DiscoveryClient_MICROCUENTAS/microcuentas:2e27a045-615c-4631-92c9-27982c060cf1 - registration status: 204
2025-08-06 10:41:51.128 [SpringApplicationShutdownHook] INFO  c.netflix.discovery.DiscoveryClient - Shutting down DiscoveryClient ...
2025-08-06 10:41:54.142 [SpringApplicationShutdownHook] INFO  c.netflix.discovery.DiscoveryClient - Unregistering ...
2025-08-06 10:41:54.200 [SpringApplicationShutdownHook] INFO  c.netflix.discovery.DiscoveryClient - DiscoveryClient_MICROCUENTAS/microcuentas:2e27a045-615c-4631-92c9-27982c060cf1 - deregister  status: 200
2025-08-06 10:41:54.200 [SpringApplicationShutdownHook] INFO  c.netflix.discovery.DiscoveryClient - Completed shut down of DiscoveryClient
2025-08-06 10:47:14.306 [background-preinit] INFO  o.h.validator.internal.util.Version - HV000001: Hibernate Validator 8.0.1.Final
2025-08-06 10:47:14.419 [restartedMain] INFO  c.p.m.MicrocuentasApplication - Starting MicrocuentasApplication using Java 21.0.3 with PID 21360 (C:\Users\Usuario\Downloads\retojv-main (1)\retojv-main\retojv-main\proy\microcuentas\microcuentas\target\classes started by Usuario in C:\Users\Usuario\Downloads\retojv-main (1)\retojv-main\retojv-main\proy\microcuentas\microcuentas)
2025-08-06 10:47:14.423 [restartedMain] INFO  c.p.m.MicrocuentasApplication - No active profile set, falling back to 1 default profile: "default"
2025-08-06 10:47:14.520 [restartedMain] INFO  o.s.b.d.e.DevToolsPropertyDefaultsPostProcessor - Devtools property defaults active! Set 'spring.devtools.add-properties' to 'false' to disable
2025-08-06 10:47:14.521 [restartedMain] INFO  o.s.b.d.e.DevToolsPropertyDefaultsPostProcessor - For additional web related logging consider setting the 'logging.level.web' property to 'DEBUG'
2025-08-06 10:47:15.531 [restartedMain] INFO  o.s.d.r.c.RepositoryConfigurationDelegate - Bootstrapping Spring Data JPA repositories in DEFAULT mode.
2025-08-06 10:47:15.739 [restartedMain] INFO  o.s.d.r.c.RepositoryConfigurationDelegate - Finished Spring Data repository scanning in 201 ms. Found 2 JPA repository interfaces.
2025-08-06 10:47:16.377 [restartedMain] INFO  o.s.cloud.context.scope.GenericScope - BeanFactory id=f89001c4-3377-3564-82e2-c32991fd6c4d
2025-08-06 10:47:17.135 [restartedMain] INFO  o.s.b.w.e.tomcat.TomcatWebServer - Tomcat initialized with port 0 (http)
2025-08-06 10:47:17.160 [restartedMain] INFO  o.a.coyote.http11.Http11NioProtocol - Initializing ProtocolHandler ["http-nio-auto-1"]
2025-08-06 10:47:17.176 [restartedMain] INFO  o.a.catalina.core.StandardService - Starting service [Tomcat]
2025-08-06 10:47:17.179 [restartedMain] INFO  o.a.catalina.core.StandardEngine - Starting Servlet engine: [Apache Tomcat/10.1.19]
2025-08-06 10:47:17.331 [restartedMain] INFO  o.a.c.c.C.[Tomcat].[localhost].[/] - Initializing Spring embedded WebApplicationContext
2025-08-06 10:47:17.332 [restartedMain] INFO  o.s.b.w.s.c.ServletWebServerApplicationContext - Root WebApplicationContext: initialization completed in 2811 ms
2025-08-06 10:47:17.505 [restartedMain] INFO  com.zaxxer.hikari.HikariDataSource - HikariPool-1 - Starting...
2025-08-06 10:47:17.711 [restartedMain] INFO  com.zaxxer.hikari.pool.HikariPool - HikariPool-1 - Added connection org.postgresql.jdbc.PgConnection@12f0faf4
2025-08-06 10:47:17.713 [restartedMain] INFO  com.zaxxer.hikari.HikariDataSource - HikariPool-1 - Start completed.
2025-08-06 10:47:17.820 [restartedMain] INFO  o.h.jpa.internal.util.LogHelper - HHH000204: Processing PersistenceUnitInfo [name: default]
2025-08-06 10:47:17.909 [restartedMain] INFO  org.hibernate.Version - HHH000412: Hibernate ORM core version 6.4.4.Final
2025-08-06 10:47:17.968 [restartedMain] INFO  o.h.c.i.RegionFactoryInitiator - HHH000026: Second-level cache disabled
2025-08-06 10:47:18.390 [restartedMain] INFO  o.s.o.j.p.SpringPersistenceUnitInfo - No LoadTimeWeaver setup: ignoring JPA class transformer
2025-08-06 10:47:19.820 [restartedMain] INFO  o.h.e.t.j.p.i.JtaPlatformInitiator - HHH000489: No JTA platform available (set 'hibernate.transaction.jta.platform' to enable JTA platform integration)
2025-08-06 10:47:19.941 [restartedMain] INFO  o.s.o.j.LocalContainerEntityManagerFactoryBean - Initialized JPA EntityManagerFactory for persistence unit 'default'
2025-08-06 10:47:20.524 [restartedMain] INFO  o.s.d.j.r.query.QueryEnhancerFactory - Hibernate is in classpath; If applicable, HQL parser will be used.
2025-08-06 10:47:22.838 [restartedMain] INFO  o.s.cloud.commons.util.InetUtils - Cannot determine local hostname
2025-08-06 10:47:23.913 [restartedMain] INFO  o.s.cloud.commons.util.InetUtils - Cannot determine local hostname
2025-08-06 10:47:23.936 [restartedMain] INFO  o.s.c.n.e.c.DiscoveryClientOptionalArgsConfiguration - Eureka HTTP Client uses RestTemplate.
2025-08-06 10:47:24.976 [restartedMain] INFO  o.s.cloud.commons.util.InetUtils - Cannot determine local hostname
2025-08-06 10:47:25.116 [restartedMain] INFO  o.a.coyote.http11.Http11NioProtocol - Starting ProtocolHandler ["http-nio-auto-1"]
2025-08-06 10:47:25.142 [restartedMain] INFO  o.s.b.w.e.tomcat.TomcatWebServer - Tomcat started on port 60212 (http) with context path ''
2025-08-06 10:47:25.146 [restartedMain] INFO  o.s.c.n.e.s.EurekaAutoServiceRegistration - Updating port to 60212
2025-08-06 10:47:25.163 [restartedMain] INFO  o.s.c.n.eureka.InstanceInfoFactory - Setting initial instance status as: STARTING
2025-08-06 10:47:25.296 [restartedMain] INFO  c.netflix.discovery.DiscoveryClient - Initializing Eureka in region us-east-1
2025-08-06 10:47:25.327 [restartedMain] INFO  c.n.d.s.r.aws.ConfigClusterResolver - Resolving eureka endpoints via configuration
2025-08-06 10:47:25.391 [restartedMain] INFO  c.netflix.discovery.DiscoveryClient - Disable delta property : false
2025-08-06 10:47:25.404 [restartedMain] INFO  c.netflix.discovery.DiscoveryClient - Single vip registry refresh property : null
2025-08-06 10:47:25.413 [restartedMain] INFO  c.netflix.discovery.DiscoveryClient - Force full registry fetch : false
2025-08-06 10:47:25.433 [restartedMain] INFO  c.netflix.discovery.DiscoveryClient - Application is null : false
2025-08-06 10:47:25.449 [restartedMain] INFO  c.netflix.discovery.DiscoveryClient - Registered Applications size is zero : true
2025-08-06 10:47:25.454 [restartedMain] INFO  c.netflix.discovery.DiscoveryClient - Application version is -1: true
2025-08-06 10:47:25.469 [restartedMain] INFO  c.netflix.discovery.DiscoveryClient - Getting all instance registry info from the eureka server
2025-08-06 10:47:26.125 [restartedMain] INFO  c.netflix.discovery.DiscoveryClient - The response status is 200
2025-08-06 10:47:26.126 [restartedMain] INFO  c.netflix.discovery.DiscoveryClient - Starting heartbeat executor: renew interval is: 30
2025-08-06 10:47:26.128 [restartedMain] INFO  c.n.discovery.InstanceInfoReplicator - InstanceInfoReplicator onDemand update allowed rate per min is 4
2025-08-06 10:47:26.130 [restartedMain] INFO  c.netflix.discovery.DiscoveryClient - Discovery Client initialized at timestamp 1754495246129 with initial instances count: 0
2025-08-06 10:47:26.134 [restartedMain] INFO  o.s.c.n.e.s.EurekaServiceRegistry - Registering application MICROCUENTAS with eureka with status UP
2025-08-06 10:47:26.135 [restartedMain] INFO  c.netflix.discovery.DiscoveryClient - Saw local status change event StatusChangeEvent [timestamp=1754495246135, current=UP, previous=STARTING]
2025-08-06 10:47:26.137 [DiscoveryClient-InstanceInfoReplicator-%d] INFO  c.netflix.discovery.DiscoveryClient - DiscoveryClient_MICROCUENTAS/microcuentas:592ef4d7-a0cf-4b91-a2d9-716efefe6f80: registering service...
2025-08-06 10:47:26.237 [DiscoveryClient-InstanceInfoReplicator-%d] INFO  c.netflix.discovery.DiscoveryClient - DiscoveryClient_MICROCUENTAS/microcuentas:592ef4d7-a0cf-4b91-a2d9-716efefe6f80 - registration status: 204
2025-08-06 10:47:27.159 [restartedMain] INFO  o.s.cloud.commons.util.InetUtils - Cannot determine local hostname
2025-08-06 10:47:28.192 [restartedMain] INFO  o.s.cloud.commons.util.InetUtils - Cannot determine local hostname
2025-08-06 10:47:28.219 [restartedMain] INFO  c.p.m.MicrocuentasApplication - Started MicrocuentasApplication in 15.905 seconds (process running for 16.561)
2025-08-06 10:47:56.128 [DiscoveryClient-CacheRefreshExecutor-%d] INFO  c.netflix.discovery.DiscoveryClient - Disable delta property : false
2025-08-06 10:47:56.128 [DiscoveryClient-CacheRefreshExecutor-%d] INFO  c.netflix.discovery.DiscoveryClient - Single vip registry refresh property : null
2025-08-06 10:47:56.129 [DiscoveryClient-CacheRefreshExecutor-%d] INFO  c.netflix.discovery.DiscoveryClient - Force full registry fetch : false
2025-08-06 10:47:56.129 [DiscoveryClient-CacheRefreshExecutor-%d] INFO  c.netflix.discovery.DiscoveryClient - Application is null : false
2025-08-06 10:47:56.129 [DiscoveryClient-CacheRefreshExecutor-%d] INFO  c.netflix.discovery.DiscoveryClient - Registered Applications size is zero : true
2025-08-06 10:47:56.129 [DiscoveryClient-CacheRefreshExecutor-%d] INFO  c.netflix.discovery.DiscoveryClient - Application version is -1: false
2025-08-06 10:47:56.129 [DiscoveryClient-CacheRefreshExecutor-%d] INFO  c.netflix.discovery.DiscoveryClient - Getting all instance registry info from the eureka server
2025-08-06 10:47:56.165 [DiscoveryClient-CacheRefreshExecutor-%d] INFO  c.netflix.discovery.DiscoveryClient - The response status is 200
2025-08-06 10:52:25.507 [AsyncResolver-bootstrap-executor-%d] INFO  c.n.d.s.r.aws.ConfigClusterResolver - Resolving eureka endpoints via configuration
2025-08-06 10:57:25.516 [AsyncResolver-bootstrap-executor-%d] INFO  c.n.d.s.r.aws.ConfigClusterResolver - Resolving eureka endpoints via configuration
2025-08-06 10:58:01.844 [SpringApplicationShutdownHook] INFO  o.s.c.n.e.s.EurekaServiceRegistry - Unregistering application MICROCUENTAS with eureka with status DOWN
2025-08-06 10:58:01.845 [SpringApplicationShutdownHook] INFO  c.netflix.discovery.DiscoveryClient - Saw local status change event StatusChangeEvent [timestamp=1754495881845, current=DOWN, previous=UP]
2025-08-06 10:58:01.845 [DiscoveryClient-InstanceInfoReplicator-%d] INFO  c.netflix.discovery.DiscoveryClient - DiscoveryClient_MICROCUENTAS/microcuentas:592ef4d7-a0cf-4b91-a2d9-716efefe6f80: registering service...
2025-08-06 10:58:01.891 [DiscoveryClient-InstanceInfoReplicator-%d] INFO  c.netflix.discovery.DiscoveryClient - DiscoveryClient_MICROCUENTAS/microcuentas:592ef4d7-a0cf-4b91-a2d9-716efefe6f80 - registration status: 204
2025-08-06 10:58:01.905 [SpringApplicationShutdownHook] INFO  o.s.o.j.LocalContainerEntityManagerFactoryBean - Closing JPA EntityManagerFactory for persistence unit 'default'
2025-08-06 10:58:01.916 [SpringApplicationShutdownHook] INFO  com.zaxxer.hikari.HikariDataSource - HikariPool-1 - Shutdown initiated...
2025-08-06 10:58:01.926 [SpringApplicationShutdownHook] INFO  com.zaxxer.hikari.HikariDataSource - HikariPool-1 - Shutdown completed.
2025-08-06 10:58:01.931 [SpringApplicationShutdownHook] INFO  c.netflix.discovery.DiscoveryClient - Shutting down DiscoveryClient ...
2025-08-06 10:58:04.958 [SpringApplicationShutdownHook] INFO  c.netflix.discovery.DiscoveryClient - Unregistering ...
2025-08-06 10:58:04.982 [SpringApplicationShutdownHook] INFO  c.netflix.discovery.DiscoveryClient - DiscoveryClient_MICROCUENTAS/microcuentas:592ef4d7-a0cf-4b91-a2d9-716efefe6f80 - deregister  status: 200
2025-08-06 10:58:04.983 [SpringApplicationShutdownHook] INFO  c.netflix.discovery.DiscoveryClient - Completed shut down of DiscoveryClient
2025-08-06 10:59:18.116 [background-preinit] INFO  o.h.validator.internal.util.Version - HV000001: Hibernate Validator 8.0.1.Final
2025-08-06 10:59:18.232 [restartedMain] INFO  c.p.m.MicrocuentasApplication - Starting MicrocuentasApplication using Java 21.0.3 with PID 29624 (C:\Users\Usuario\Downloads\retojv-main (1)\retojv-main\retojv-main\proy\microcuentas\microcuentas\target\classes started by Usuario in C:\Users\Usuario\Downloads\retojv-main (1)\retojv-main\retojv-main\proy\microcuentas\microcuentas)
2025-08-06 10:59:18.237 [restartedMain] INFO  c.p.m.MicrocuentasApplication - No active profile set, falling back to 1 default profile: "default"
2025-08-06 10:59:18.377 [restartedMain] INFO  o.s.b.d.e.DevToolsPropertyDefaultsPostProcessor - Devtools property defaults active! Set 'spring.devtools.add-properties' to 'false' to disable
2025-08-06 10:59:18.378 [restartedMain] INFO  o.s.b.d.e.DevToolsPropertyDefaultsPostProcessor - For additional web related logging consider setting the 'logging.level.web' property to 'DEBUG'
2025-08-06 10:59:19.615 [restartedMain] INFO  o.s.d.r.c.RepositoryConfigurationDelegate - Bootstrapping Spring Data JPA repositories in DEFAULT mode.
2025-08-06 10:59:19.785 [restartedMain] INFO  o.s.d.r.c.RepositoryConfigurationDelegate - Finished Spring Data repository scanning in 163 ms. Found 2 JPA repository interfaces.
2025-08-06 10:59:20.188 [restartedMain] INFO  o.s.cloud.context.scope.GenericScope - BeanFactory id=f89001c4-3377-3564-82e2-c32991fd6c4d
2025-08-06 10:59:21.114 [restartedMain] INFO  o.s.b.w.e.tomcat.TomcatWebServer - Tomcat initialized with port 8081 (http)
2025-08-06 10:59:21.130 [restartedMain] INFO  o.a.coyote.http11.Http11NioProtocol - Initializing ProtocolHandler ["http-nio-8081"]
2025-08-06 10:59:21.133 [restartedMain] INFO  o.a.catalina.core.StandardService - Starting service [Tomcat]
2025-08-06 10:59:21.134 [restartedMain] INFO  o.a.catalina.core.StandardEngine - Starting Servlet engine: [Apache Tomcat/10.1.19]
2025-08-06 10:59:21.222 [restartedMain] INFO  o.a.c.c.C.[Tomcat].[localhost].[/] - Initializing Spring embedded WebApplicationContext
2025-08-06 10:59:21.223 [restartedMain] INFO  o.s.b.w.s.c.ServletWebServerApplicationContext - Root WebApplicationContext: initialization completed in 2843 ms
2025-08-06 10:59:21.416 [restartedMain] INFO  com.zaxxer.hikari.HikariDataSource - HikariPool-1 - Starting...
2025-08-06 10:59:21.605 [restartedMain] INFO  com.zaxxer.hikari.pool.HikariPool - HikariPool-1 - Added connection org.postgresql.jdbc.PgConnection@7f8722e6
2025-08-06 10:59:21.608 [restartedMain] INFO  com.zaxxer.hikari.HikariDataSource - HikariPool-1 - Start completed.
2025-08-06 10:59:21.714 [restartedMain] INFO  o.h.jpa.internal.util.LogHelper - HHH000204: Processing PersistenceUnitInfo [name: default]
2025-08-06 10:59:21.786 [restartedMain] INFO  org.hibernate.Version - HHH000412: Hibernate ORM core version 6.4.4.Final
2025-08-06 10:59:21.854 [restartedMain] INFO  o.h.c.i.RegionFactoryInitiator - HHH000026: Second-level cache disabled
2025-08-06 10:59:22.155 [restartedMain] INFO  o.s.o.j.p.SpringPersistenceUnitInfo - No LoadTimeWeaver setup: ignoring JPA class transformer
2025-08-06 10:59:23.484 [restartedMain] INFO  o.h.e.t.j.p.i.JtaPlatformInitiator - HHH000489: No JTA platform available (set 'hibernate.transaction.jta.platform' to enable JTA platform integration)
2025-08-06 10:59:23.613 [restartedMain] INFO  o.s.o.j.LocalContainerEntityManagerFactoryBean - Initialized JPA EntityManagerFactory for persistence unit 'default'
2025-08-06 10:59:24.252 [restartedMain] INFO  o.s.d.j.r.query.QueryEnhancerFactory - Hibernate is in classpath; If applicable, HQL parser will be used.
2025-08-06 10:59:26.918 [restartedMain] INFO  o.s.cloud.commons.util.InetUtils - Cannot determine local hostname
2025-08-06 10:59:28.055 [restartedMain] INFO  o.s.cloud.commons.util.InetUtils - Cannot determine local hostname
2025-08-06 10:59:28.127 [restartedMain] INFO  o.s.c.n.e.c.DiscoveryClientOptionalArgsConfiguration - Eureka HTTP Client uses RestTemplate.
2025-08-06 10:59:29.258 [restartedMain] INFO  o.s.cloud.commons.util.InetUtils - Cannot determine local hostname
2025-08-06 10:59:29.399 [restartedMain] INFO  o.s.c.n.eureka.InstanceInfoFactory - Setting initial instance status as: STARTING
2025-08-06 10:59:29.453 [restartedMain] INFO  c.netflix.discovery.DiscoveryClient - Initializing Eureka in region us-east-1
2025-08-06 10:59:29.459 [restartedMain] INFO  c.n.d.s.r.aws.ConfigClusterResolver - Resolving eureka endpoints via configuration
2025-08-06 10:59:29.483 [restartedMain] INFO  c.netflix.discovery.DiscoveryClient - Disable delta property : false
2025-08-06 10:59:29.484 [restartedMain] INFO  c.netflix.discovery.DiscoveryClient - Single vip registry refresh property : null
2025-08-06 10:59:29.484 [restartedMain] INFO  c.netflix.discovery.DiscoveryClient - Force full registry fetch : false
2025-08-06 10:59:29.484 [restartedMain] INFO  c.netflix.discovery.DiscoveryClient - Application is null : false
2025-08-06 10:59:29.485 [restartedMain] INFO  c.netflix.discovery.DiscoveryClient - Registered Applications size is zero : true
2025-08-06 10:59:29.485 [restartedMain] INFO  c.netflix.discovery.DiscoveryClient - Application version is -1: true
2025-08-06 10:59:29.485 [restartedMain] INFO  c.netflix.discovery.DiscoveryClient - Getting all instance registry info from the eureka server
2025-08-06 10:59:29.995 [restartedMain] INFO  c.netflix.discovery.DiscoveryClient - The response status is 200
2025-08-06 10:59:29.999 [restartedMain] INFO  c.netflix.discovery.DiscoveryClient - Starting heartbeat executor: renew interval is: 30
2025-08-06 10:59:30.003 [restartedMain] INFO  c.n.discovery.InstanceInfoReplicator - InstanceInfoReplicator onDemand update allowed rate per min is 4
2025-08-06 10:59:30.007 [restartedMain] INFO  c.netflix.discovery.DiscoveryClient - Discovery Client initialized at timestamp 1754495970006 with initial instances count: 1
2025-08-06 10:59:30.013 [restartedMain] INFO  o.s.c.n.e.s.EurekaServiceRegistry - Registering application MICROCUENTAS with eureka with status UP
2025-08-06 10:59:30.015 [restartedMain] INFO  c.netflix.discovery.DiscoveryClient - Saw local status change event StatusChangeEvent [timestamp=1754495970015, current=UP, previous=STARTING]
2025-08-06 10:59:30.019 [DiscoveryClient-InstanceInfoReplicator-%d] INFO  c.netflix.discovery.DiscoveryClient - DiscoveryClient_MICROCUENTAS/microcuentas:dd36063f-a65b-4b45-8c4e-882af6b89c9e: registering service...
2025-08-06 10:59:30.019 [restartedMain] INFO  o.a.coyote.http11.Http11NioProtocol - Starting ProtocolHandler ["http-nio-8081"]
2025-08-06 10:59:30.116 [restartedMain] INFO  o.s.b.w.e.tomcat.TomcatWebServer - Tomcat started on port 8081 (http) with context path ''
2025-08-06 10:59:30.118 [restartedMain] INFO  o.s.c.n.e.s.EurekaAutoServiceRegistration - Updating port to 8081
2025-08-06 10:59:30.222 [DiscoveryClient-InstanceInfoReplicator-%d] INFO  c.netflix.discovery.DiscoveryClient - DiscoveryClient_MICROCUENTAS/microcuentas:dd36063f-a65b-4b45-8c4e-882af6b89c9e - registration status: 204
2025-08-06 10:59:31.202 [restartedMain] INFO  o.s.cloud.commons.util.InetUtils - Cannot determine local hostname
2025-08-06 10:59:32.231 [restartedMain] INFO  o.s.cloud.commons.util.InetUtils - Cannot determine local hostname
2025-08-06 10:59:32.252 [restartedMain] INFO  c.p.m.MicrocuentasApplication - Started MicrocuentasApplication in 15.929 seconds (process running for 16.726)
2025-08-06 11:04:29.492 [AsyncResolver-bootstrap-executor-%d] INFO  c.n.d.s.r.aws.ConfigClusterResolver - Resolving eureka endpoints via configuration
2025-08-06 11:09:29.502 [AsyncResolver-bootstrap-executor-%d] INFO  c.n.d.s.r.aws.ConfigClusterResolver - Resolving eureka endpoints via configuration
2025-08-06 11:14:29.503 [AsyncResolver-bootstrap-executor-%d] INFO  c.n.d.s.r.aws.ConfigClusterResolver - Resolving eureka endpoints via configuration
2025-08-06 11:19:29.507 [AsyncResolver-bootstrap-executor-%d] INFO  c.n.d.s.r.aws.ConfigClusterResolver - Resolving eureka endpoints via configuration
2025-08-06 11:24:00.187 [http-nio-8081-exec-3] INFO  o.a.c.c.C.[Tomcat].[localhost].[/] - Initializing Spring DispatcherServlet 'dispatcherServlet'
2025-08-06 11:24:00.189 [http-nio-8081-exec-3] INFO  o.s.web.servlet.DispatcherServlet - Initializing Servlet 'dispatcherServlet'
2025-08-06 11:24:00.194 [http-nio-8081-exec-3] INFO  o.s.web.servlet.DispatcherServlet - Completed initialization in 5 ms
2025-08-06 11:24:00.338 [http-nio-8081-exec-3] INFO  c.p.m.controller.CuentaController - Listando todas las cuentas
2025-08-06 11:24:00.340 [http-nio-8081-exec-3] INFO  c.p.m.service.CuentaService - Obteniendo todas las cuentas
2025-08-06 11:24:29.511 [AsyncResolver-bootstrap-executor-%d] INFO  c.n.d.s.r.aws.ConfigClusterResolver - Resolving eureka endpoints via configuration
2025-08-06 11:29:29.518 [AsyncResolver-bootstrap-executor-%d] INFO  c.n.d.s.r.aws.ConfigClusterResolver - Resolving eureka endpoints via configuration
2025-08-06 11:30:39.895 [http-nio-8081-exec-10] INFO  c.p.m.controller.CuentaController - Creando nueva cuenta: 1001234567
2025-08-06 11:30:39.998 [http-nio-8081-exec-10] INFO  c.p.m.service.CuentaService - Creando nueva cuenta: 1001234567 para cliente: 1234567890
2025-08-06 11:30:40.007 [http-nio-8081-exec-10] INFO  c.p.m.service.CuentaService - Validando cliente con ID: 1234567890
2025-08-06 11:30:40.009 [http-nio-8081-exec-10] INFO  c.p.m.client.ClienteClient - Obteniendo cliente con identificación: 1234567890
2025-08-06 11:30:41.225 [http-nio-8081-exec-10] INFO  c.p.m.service.CuentaService - Cliente Juan Carlos Pérez García validado exitosamente - Estado: ACTIVO
2025-08-06 11:30:41.376 [http-nio-8081-exec-10] INFO  c.p.m.service.CuentaService - Cuenta 1001234567 creada exitosamente para cliente 1234567890
2025-08-06 11:31:25.081 [http-nio-8081-exec-5] INFO  c.p.m.controller.CuentaController - Listando todas las cuentas
2025-08-06 11:31:25.081 [http-nio-8081-exec-5] INFO  c.p.m.service.CuentaService - Obteniendo todas las cuentas
2025-08-06 11:32:03.688 [http-nio-8081-exec-8] INFO  c.p.m.controller.CuentaController - Obteniendo cuenta: 1001234567890
2025-08-06 11:32:03.695 [http-nio-8081-exec-8] INFO  c.p.m.service.CuentaService - Obteniendo cuenta con número: 1001234567890
2025-08-06 11:32:12.360 [http-nio-8081-exec-9] INFO  c.p.m.controller.CuentaController - Obteniendo cuenta: 1001234567
2025-08-06 11:32:12.361 [http-nio-8081-exec-9] INFO  c.p.m.service.CuentaService - Obteniendo cuenta con número: 1001234567
2025-08-06 11:34:29.535 [AsyncResolver-bootstrap-executor-%d] INFO  c.n.d.s.r.aws.ConfigClusterResolver - Resolving eureka endpoints via configuration
2025-08-06 11:39:20.160 [http-nio-8081-exec-3] INFO  c.p.m.controller.CuentaController - Creando nueva cuenta: 1009876543
2025-08-06 11:39:20.167 [http-nio-8081-exec-3] INFO  c.p.m.service.CuentaService - Creando nueva cuenta: 1009876543 para cliente: 9876543210
2025-08-06 11:39:20.167 [http-nio-8081-exec-3] INFO  c.p.m.service.CuentaService - Validando cliente con ID: 9876543210
2025-08-06 11:39:20.168 [http-nio-8081-exec-3] INFO  c.p.m.client.ClienteClient - Obteniendo cliente con identificación: 9876543210
2025-08-06 11:39:29.548 [AsyncResolver-bootstrap-executor-%d] INFO  c.n.d.s.r.aws.ConfigClusterResolver - Resolving eureka endpoints via configuration
2025-08-06 11:44:29.550 [AsyncResolver-bootstrap-executor-%d] INFO  c.n.d.s.r.aws.ConfigClusterResolver - Resolving eureka endpoints via configuration
2025-08-06 11:49:29.553 [AsyncResolver-bootstrap-executor-%d] INFO  c.n.d.s.r.aws.ConfigClusterResolver - Resolving eureka endpoints via configuration
2025-08-06 11:52:10.214 [http-nio-8081-exec-7] INFO  c.p.m.c.MovimientoController - Creando nuevo movimiento para cuenta: 1001234567
2025-08-06 11:52:10.215 [http-nio-8081-exec-7] INFO  c.p.m.service.CuentaService - Obteniendo cuenta con número: 1001234567
2025-08-06 11:52:10.231 [http-nio-8081-exec-7] INFO  c.p.m.service.MovimientoService - Creando nuevo movimiento para cuenta: 1001234567
2025-08-06 11:54:29.564 [AsyncResolver-bootstrap-executor-%d] INFO  c.n.d.s.r.aws.ConfigClusterResolver - Resolving eureka endpoints via configuration
2025-08-06 11:55:20.312 [http-nio-8081-exec-5] INFO  c.p.m.c.MovimientoController - Creando nuevo movimiento para cuenta: 1001234567
2025-08-06 11:55:20.313 [http-nio-8081-exec-5] INFO  c.p.m.service.CuentaService - Obteniendo cuenta con número: 1001234567
2025-08-06 11:55:20.323 [http-nio-8081-exec-5] INFO  c.p.m.service.MovimientoService - Creando nuevo movimiento para cuenta: 1001234567
2025-08-06 11:57:58.966 [http-nio-8081-exec-2] INFO  c.p.m.c.MovimientoController - Creando nuevo movimiento para cuenta: 1001234567
2025-08-06 11:57:58.968 [http-nio-8081-exec-2] INFO  c.p.m.service.CuentaService - Obteniendo cuenta con número: 1001234567
2025-08-06 11:57:58.985 [http-nio-8081-exec-2] INFO  c.p.m.service.MovimientoService - Creando nuevo movimiento para cuenta: 1001234567
2025-08-06 11:58:53.820 [http-nio-8081-exec-3] INFO  c.p.m.controller.ReporteController - Generando estado de cuenta para: 1001234567
2025-08-06 11:58:53.822 [http-nio-8081-exec-3] INFO  c.p.m.service.CuentaService - Obteniendo cuenta con número: 1001234567
2025-08-06 11:58:53.845 [http-nio-8081-exec-3] INFO  c.p.m.service.MovimientoService - Generando reporte de movimientos para cuenta: 1001234567
2025-08-06 11:58:53.983 [http-nio-8081-exec-3] INFO  c.p.m.client.ClienteClient - Obteniendo cliente con identificación: 1234567890
2025-08-06 11:58:54.029 [http-nio-8081-exec-3] INFO  c.p.m.controller.ReporteController - Información del cliente Juan Carlos Pérez García obtenida para estado de cuenta
2025-08-06 11:59:29.565 [AsyncResolver-bootstrap-executor-%d] INFO  c.n.d.s.r.aws.ConfigClusterResolver - Resolving eureka endpoints via configuration
2025-08-06 12:01:16.865 [http-nio-8081-exec-4] INFO  c.p.m.controller.ReporteController - Generando reporte con rango de fechas: 2024-01-15T00:00:00,2024-01-15T23:59:59
2025-08-06 12:01:16.870 [http-nio-8081-exec-4] INFO  c.p.m.service.MovimientoService - Generando reporte de movimientos entre 2024-01-15T00:00 y 2024-01-15T23:59:59
2025-08-06 12:01:30.356 [http-nio-8081-exec-10] INFO  c.p.m.controller.ReporteController - Generando reporte con rango de fechas: 2024-01-15T00:00:00,2025-01-15T23:59:59
2025-08-06 12:01:30.357 [http-nio-8081-exec-10] INFO  c.p.m.service.MovimientoService - Generando reporte de movimientos entre 2024-01-15T00:00 y 2025-01-15T23:59:59
2025-08-06 12:02:08.369 [http-nio-8081-exec-5] INFO  c.p.m.controller.ReporteController - Generando reporte con rango de fechas: 2025-01-15T00:00:00,2025-08-06T23:59:59
2025-08-06 12:02:08.370 [http-nio-8081-exec-5] INFO  c.p.m.service.MovimientoService - Generando reporte de movimientos entre 2025-01-15T00:00 y 2025-08-06T23:59:59
2025-08-06 12:02:08.391 [http-nio-8081-exec-5] INFO  c.p.m.service.CuentaService - Obteniendo cuenta con número: 1001234567
2025-08-06 12:02:08.403 [http-nio-8081-exec-5] INFO  c.p.m.client.ClienteClient - Obteniendo cliente con identificación: 1234567890
2025-08-06 12:02:08.437 [http-nio-8081-exec-5] INFO  c.p.m.controller.ReporteController - Cliente Juan Carlos Pérez García obtenido para reporte de cuenta 1001234567
2025-08-06 12:04:29.571 [AsyncResolver-bootstrap-executor-%d] INFO  c.n.d.s.r.aws.ConfigClusterResolver - Resolving eureka endpoints via configuration
2025-08-06 12:07:20.058 [http-nio-8081-exec-2] INFO  c.p.m.controller.ReporteController - Generando reporte completo para cliente: 1234567890
2025-08-06 12:07:20.060 [http-nio-8081-exec-2] INFO  c.p.m.client.ClienteClient - Obteniendo cliente con identificación: 1234567890
2025-08-06 12:07:20.088 [http-nio-8081-exec-2] INFO  c.p.m.service.CuentaService - Obteniendo cuentas para cliente: 1234567890
2025-08-06 12:07:20.101 [http-nio-8081-exec-2] INFO  c.p.m.service.CuentaService - Encontradas 1 cuentas para cliente 1234567890
2025-08-06 12:07:20.103 [http-nio-8081-exec-2] INFO  c.p.m.service.MovimientoService - Generando reporte de movimientos para cuenta: 1001234567
2025-08-06 12:07:20.119 [http-nio-8081-exec-2] INFO  c.p.m.controller.ReporteController - Reporte generado para cliente Juan Carlos Pérez García: 1 cuentas encontradas
2025-08-06 12:07:33.505 [http-nio-8081-exec-6] INFO  c.p.m.controller.ReporteController - Generando reporte completo para cliente: 1234567890
2025-08-06 12:07:33.505 [http-nio-8081-exec-6] INFO  c.p.m.client.ClienteClient - Obteniendo cliente con identificación: 1234567890
2025-08-06 12:07:33.522 [http-nio-8081-exec-6] INFO  c.p.m.service.CuentaService - Obteniendo cuentas para cliente: 1234567890
2025-08-06 12:07:33.533 [http-nio-8081-exec-6] INFO  c.p.m.service.CuentaService - Encontradas 1 cuentas para cliente 1234567890
2025-08-06 12:07:33.536 [http-nio-8081-exec-6] INFO  c.p.m.service.MovimientoService - Generando reporte de movimientos para cuenta: 1001234567
2025-08-06 12:07:33.546 [http-nio-8081-exec-6] INFO  c.p.m.controller.ReporteController - Reporte generado para cliente Juan Carlos Pérez García: 1 cuentas encontradas
2025-08-06 12:09:29.583 [AsyncResolver-bootstrap-executor-%d] INFO  c.n.d.s.r.aws.ConfigClusterResolver - Resolving eureka endpoints via configuration
2025-08-06 12:14:29.594 [AsyncResolver-bootstrap-executor-%d] INFO  c.n.d.s.r.aws.ConfigClusterResolver - Resolving eureka endpoints via configuration
2025-08-06 12:19:29.595 [AsyncResolver-bootstrap-executor-%d] INFO  c.n.d.s.r.aws.ConfigClusterResolver - Resolving eureka endpoints via configuration
2025-08-06 12:24:29.610 [AsyncResolver-bootstrap-executor-%d] INFO  c.n.d.s.r.aws.ConfigClusterResolver - Resolving eureka endpoints via configuration
2025-08-06 12:29:29.626 [AsyncResolver-bootstrap-executor-%d] INFO  c.n.d.s.r.aws.ConfigClusterResolver - Resolving eureka endpoints via configuration
2025-08-06 12:34:29.642 [AsyncResolver-bootstrap-executor-%d] INFO  c.n.d.s.r.aws.ConfigClusterResolver - Resolving eureka endpoints via configuration
2025-08-06 12:39:29.656 [AsyncResolver-bootstrap-executor-%d] INFO  c.n.d.s.r.aws.ConfigClusterResolver - Resolving eureka endpoints via configuration
2025-08-06 12:44:29.660 [AsyncResolver-bootstrap-executor-%d] INFO  c.n.d.s.r.aws.ConfigClusterResolver - Resolving eureka endpoints via configuration
2025-08-06 12:49:29.676 [AsyncResolver-bootstrap-executor-%d] INFO  c.n.d.s.r.aws.ConfigClusterResolver - Resolving eureka endpoints via configuration
2025-08-06 12:54:29.689 [AsyncResolver-bootstrap-executor-%d] INFO  c.n.d.s.r.aws.ConfigClusterResolver - Resolving eureka endpoints via configuration
2025-08-06 12:59:29.697 [AsyncResolver-bootstrap-executor-%d] INFO  c.n.d.s.r.aws.ConfigClusterResolver - Resolving eureka endpoints via configuration
2025-08-06 12:59:43.811 [SpringApplicationShutdownHook] INFO  o.s.c.n.e.s.EurekaServiceRegistry - Unregistering application MICROCUENTAS with eureka with status DOWN
2025-08-06 12:59:43.812 [SpringApplicationShutdownHook] INFO  c.netflix.discovery.DiscoveryClient - Saw local status change event StatusChangeEvent [timestamp=1754503183812, current=DOWN, previous=UP]
2025-08-06 12:59:43.813 [DiscoveryClient-InstanceInfoReplicator-%d] INFO  c.netflix.discovery.DiscoveryClient - DiscoveryClient_MICROCUENTAS/microcuentas:dd36063f-a65b-4b45-8c4e-882af6b89c9e: registering service...
2025-08-06 12:59:43.995 [SpringApplicationShutdownHook] INFO  o.s.o.j.LocalContainerEntityManagerFactoryBean - Closing JPA EntityManagerFactory for persistence unit 'default'
2025-08-06 12:59:44.005 [SpringApplicationShutdownHook] INFO  com.zaxxer.hikari.HikariDataSource - HikariPool-1 - Shutdown initiated...
2025-08-06 12:59:44.048 [SpringApplicationShutdownHook] INFO  com.zaxxer.hikari.HikariDataSource - HikariPool-1 - Shutdown completed.
2025-08-06 12:59:44.064 [SpringApplicationShutdownHook] INFO  c.netflix.discovery.DiscoveryClient - Shutting down DiscoveryClient ...
2025-08-06 12:59:44.081 [DiscoveryClient-InstanceInfoReplicator-%d] INFO  c.netflix.discovery.DiscoveryClient - DiscoveryClient_MICROCUENTAS/microcuentas:dd36063f-a65b-4b45-8c4e-882af6b89c9e - registration status: 204
2025-08-06 12:59:44.086 [SpringApplicationShutdownHook] INFO  c.netflix.discovery.DiscoveryClient - Unregistering ...
2025-08-06 12:59:44.155 [SpringApplicationShutdownHook] INFO  c.netflix.discovery.DiscoveryClient - DiscoveryClient_MICROCUENTAS/microcuentas:dd36063f-a65b-4b45-8c4e-882af6b89c9e - deregister  status: 200
2025-08-06 12:59:44.155 [SpringApplicationShutdownHook] INFO  c.netflix.discovery.DiscoveryClient - Completed shut down of DiscoveryClient
2025-08-06 16:52:17.102 [background-preinit] INFO  o.h.validator.internal.util.Version - HV000001: Hibernate Validator 8.0.1.Final
2025-08-06 16:52:17.236 [restartedMain] INFO  c.p.m.MicrocuentasApplication - Starting MicrocuentasApplication using Java 21.0.3 with PID 16256 (C:\Users\Usuario\Downloads\retojv-main (1)\retojv-main\retojv-main\proy\microcuentas\microcuentas\target\classes started by Usuario in C:\Users\Usuario\Downloads\retojv-main (1)\retojv-main\retojv-main\proy\microcuentas\microcuentas)
2025-08-06 16:52:17.241 [restartedMain] INFO  c.p.m.MicrocuentasApplication - No active profile set, falling back to 1 default profile: "default"
2025-08-06 16:52:17.360 [restartedMain] INFO  o.s.b.d.e.DevToolsPropertyDefaultsPostProcessor - Devtools property defaults active! Set 'spring.devtools.add-properties' to 'false' to disable
2025-08-06 16:52:17.361 [restartedMain] INFO  o.s.b.d.e.DevToolsPropertyDefaultsPostProcessor - For additional web related logging consider setting the 'logging.level.web' property to 'DEBUG'
2025-08-06 18:05:15.449 [background-preinit] INFO  o.h.validator.internal.util.Version - HV000001: Hibernate Validator 8.0.1.Final
2025-08-06 18:05:15.718 [restartedMain] INFO  c.p.m.MicrocuentasApplication - Starting MicrocuentasApplication using Java 21.0.3 with PID 21128 (C:\Users\Usuario\Downloads\retojv-main (1)\retojv-main\retojv-main\proy\microcuentas\microcuentas\target\classes started by Usuario in C:\Users\Usuario\Downloads\retojv-main (1)\retojv-main\retojv-main\proy\microcuentas\microcuentas)
2025-08-06 18:05:15.724 [restartedMain] INFO  c.p.m.MicrocuentasApplication - No active profile set, falling back to 1 default profile: "default"
2025-08-06 18:05:15.839 [restartedMain] INFO  o.s.b.d.e.DevToolsPropertyDefaultsPostProcessor - Devtools property defaults active! Set 'spring.devtools.add-properties' to 'false' to disable
2025-08-06 18:05:15.839 [restartedMain] INFO  o.s.b.d.e.DevToolsPropertyDefaultsPostProcessor - For additional web related logging consider setting the 'logging.level.web' property to 'DEBUG'
2025-08-06 18:05:17.215 [restartedMain] INFO  o.s.d.r.c.RepositoryConfigurationDelegate - Bootstrapping Spring Data JPA repositories in DEFAULT mode.
2025-08-06 18:05:17.585 [restartedMain] INFO  o.s.d.r.c.RepositoryConfigurationDelegate - Finished Spring Data repository scanning in 338 ms. Found 2 JPA repository interfaces.
2025-08-06 18:05:17.983 [restartedMain] INFO  o.s.cloud.context.scope.GenericScope - BeanFactory id=f89001c4-3377-3564-82e2-c32991fd6c4d
2025-08-06 18:05:18.891 [restartedMain] INFO  o.s.b.w.e.tomcat.TomcatWebServer - Tomcat initialized with port 8081 (http)
2025-08-06 18:05:18.955 [restartedMain] INFO  o.a.coyote.http11.Http11NioProtocol - Initializing ProtocolHandler ["http-nio-8081"]
2025-08-06 18:05:18.961 [restartedMain] INFO  o.a.catalina.core.StandardService - Starting service [Tomcat]
2025-08-06 18:05:18.962 [restartedMain] INFO  o.a.catalina.core.StandardEngine - Starting Servlet engine: [Apache Tomcat/10.1.19]
2025-08-06 18:05:19.139 [restartedMain] INFO  o.a.c.c.C.[Tomcat].[localhost].[/] - Initializing Spring embedded WebApplicationContext
2025-08-06 18:05:19.140 [restartedMain] INFO  o.s.b.w.s.c.ServletWebServerApplicationContext - Root WebApplicationContext: initialization completed in 3298 ms
2025-08-06 18:05:19.344 [restartedMain] INFO  com.zaxxer.hikari.HikariDataSource - HikariPool-1 - Starting...
2025-08-06 18:05:19.864 [restartedMain] INFO  com.zaxxer.hikari.pool.HikariPool - HikariPool-1 - Added connection org.postgresql.jdbc.PgConnection@59da575d
2025-08-06 18:05:19.869 [restartedMain] INFO  com.zaxxer.hikari.HikariDataSource - HikariPool-1 - Start completed.
2025-08-06 18:05:20.074 [restartedMain] INFO  o.h.jpa.internal.util.LogHelper - HHH000204: Processing PersistenceUnitInfo [name: default]
2025-08-06 18:05:20.269 [restartedMain] INFO  org.hibernate.Version - HHH000412: Hibernate ORM core version 6.4.4.Final
2025-08-06 18:05:20.366 [restartedMain] INFO  o.h.c.i.RegionFactoryInitiator - HHH000026: Second-level cache disabled
2025-08-06 18:05:20.869 [restartedMain] INFO  o.s.o.j.p.SpringPersistenceUnitInfo - No LoadTimeWeaver setup: ignoring JPA class transformer
2025-08-06 18:05:23.994 [restartedMain] INFO  o.h.e.t.j.p.i.JtaPlatformInitiator - HHH000489: No JTA platform available (set 'hibernate.transaction.jta.platform' to enable JTA platform integration)
2025-08-06 18:05:24.207 [restartedMain] INFO  o.s.o.j.LocalContainerEntityManagerFactoryBean - Initialized JPA EntityManagerFactory for persistence unit 'default'
2025-08-06 18:05:25.324 [restartedMain] INFO  o.s.d.j.r.query.QueryEnhancerFactory - Hibernate is in classpath; If applicable, HQL parser will be used.
2025-08-06 18:05:28.462 [restartedMain] INFO  o.s.cloud.commons.util.InetUtils - Cannot determine local hostname
2025-08-06 18:05:29.646 [restartedMain] INFO  o.s.cloud.commons.util.InetUtils - Cannot determine local hostname
2025-08-06 18:05:29.780 [restartedMain] INFO  o.s.c.n.e.c.DiscoveryClientOptionalArgsConfiguration - Eureka HTTP Client uses RestTemplate.
2025-08-06 18:05:30.850 [restartedMain] INFO  o.s.cloud.commons.util.InetUtils - Cannot determine local hostname
2025-08-06 18:05:31.089 [restartedMain] INFO  o.s.c.n.eureka.InstanceInfoFactory - Setting initial instance status as: STARTING
2025-08-06 18:05:31.138 [restartedMain] INFO  c.netflix.discovery.DiscoveryClient - Initializing Eureka in region us-east-1
2025-08-06 18:05:31.149 [restartedMain] INFO  c.n.d.s.r.aws.ConfigClusterResolver - Resolving eureka endpoints via configuration
2025-08-06 18:05:31.178 [restartedMain] INFO  c.netflix.discovery.DiscoveryClient - Disable delta property : false
2025-08-06 18:05:31.179 [restartedMain] INFO  c.netflix.discovery.DiscoveryClient - Single vip registry refresh property : null
2025-08-06 18:05:31.180 [restartedMain] INFO  c.netflix.discovery.DiscoveryClient - Force full registry fetch : false
2025-08-06 18:05:31.180 [restartedMain] INFO  c.netflix.discovery.DiscoveryClient - Application is null : false
2025-08-06 18:05:31.181 [restartedMain] INFO  c.netflix.discovery.DiscoveryClient - Registered Applications size is zero : true
2025-08-06 18:05:31.182 [restartedMain] INFO  c.netflix.discovery.DiscoveryClient - Application version is -1: true
2025-08-06 18:05:31.184 [restartedMain] INFO  c.netflix.discovery.DiscoveryClient - Getting all instance registry info from the eureka server
2025-08-06 18:05:31.939 [restartedMain] INFO  c.netflix.discovery.DiscoveryClient - The response status is 200
2025-08-06 18:05:31.943 [restartedMain] INFO  c.netflix.discovery.DiscoveryClient - Starting heartbeat executor: renew interval is: 30
2025-08-06 18:05:31.943 [restartedMain] INFO  c.n.discovery.InstanceInfoReplicator - InstanceInfoReplicator onDemand update allowed rate per min is 4
2025-08-06 18:05:31.943 [restartedMain] INFO  c.netflix.discovery.DiscoveryClient - Discovery Client initialized at timestamp 1754521531943 with initial instances count: 2
2025-08-06 18:05:31.961 [restartedMain] INFO  o.s.c.n.e.s.EurekaServiceRegistry - Registering application MICROCUENTAS with eureka with status UP
2025-08-06 18:05:31.961 [restartedMain] INFO  c.netflix.discovery.DiscoveryClient - Saw local status change event StatusChangeEvent [timestamp=1754521531961, current=UP, previous=STARTING]
2025-08-06 18:05:31.961 [restartedMain] INFO  o.a.coyote.http11.Http11NioProtocol - Starting ProtocolHandler ["http-nio-8081"]
2025-08-06 18:05:31.961 [DiscoveryClient-InstanceInfoReplicator-%d] INFO  c.netflix.discovery.DiscoveryClient - DiscoveryClient_MICROCUENTAS/microcuentas:7a2f27cd-186f-4d62-b5c8-d604f8123353: registering service...
2025-08-06 18:05:32.015 [restartedMain] INFO  o.s.b.w.e.tomcat.TomcatWebServer - Tomcat started on port 8081 (http) with context path ''
2025-08-06 18:05:32.015 [restartedMain] INFO  o.s.c.n.e.s.EurekaAutoServiceRegistration - Updating port to 8081
2025-08-06 18:05:32.087 [DiscoveryClient-InstanceInfoReplicator-%d] INFO  c.netflix.discovery.DiscoveryClient - DiscoveryClient_MICROCUENTAS/microcuentas:7a2f27cd-186f-4d62-b5c8-d604f8123353 - registration status: 204
2025-08-06 18:05:33.050 [restartedMain] INFO  o.s.cloud.commons.util.InetUtils - Cannot determine local hostname
2025-08-06 18:05:34.078 [restartedMain] INFO  o.s.cloud.commons.util.InetUtils - Cannot determine local hostname
2025-08-06 18:05:34.098 [restartedMain] INFO  c.p.m.MicrocuentasApplication - Started MicrocuentasApplication in 20.319 seconds (process running for 20.918)
2025-08-06 18:10:31.203 [AsyncResolver-bootstrap-executor-%d] INFO  c.n.d.s.r.aws.ConfigClusterResolver - Resolving eureka endpoints via configuration
2025-08-06 18:15:31.218 [AsyncResolver-bootstrap-executor-%d] INFO  c.n.d.s.r.aws.ConfigClusterResolver - Resolving eureka endpoints via configuration
2025-08-06 18:16:38.093 [http-nio-8081-exec-1] INFO  o.a.c.c.C.[Tomcat].[localhost].[/] - Initializing Spring DispatcherServlet 'dispatcherServlet'
2025-08-06 18:16:38.093 [http-nio-8081-exec-1] INFO  o.s.web.servlet.DispatcherServlet - Initializing Servlet 'dispatcherServlet'
2025-08-06 18:16:38.109 [http-nio-8081-exec-1] INFO  o.s.web.servlet.DispatcherServlet - Completed initialization in 16 ms
2025-08-06 18:18:23.374 [http-nio-8081-exec-4] INFO  c.p.m.controller.ReporteController - Generando estado de cuenta para: 1001234567890
2025-08-06 18:18:23.375 [http-nio-8081-exec-4] INFO  c.p.m.service.CuentaService - Obteniendo cuenta con número: 1001234567890
2025-08-06 18:18:35.127 [http-nio-8081-exec-9] INFO  c.p.m.controller.ReporteController - Generando estado de cuenta para: 1001234567
2025-08-06 18:18:35.127 [http-nio-8081-exec-9] INFO  c.p.m.service.CuentaService - Obteniendo cuenta con número: 1001234567
2025-08-06 18:18:35.232 [http-nio-8081-exec-9] INFO  c.p.m.service.MovimientoService - Generando reporte de movimientos para cuenta: 1001234567
2025-08-06 18:18:35.425 [http-nio-8081-exec-9] INFO  c.p.m.client.ClienteClient - Obteniendo cliente con identificación: 1234567890
2025-08-06 18:18:36.418 [http-nio-8081-exec-9] INFO  c.p.m.controller.ReporteController - Información del cliente Juan Carlos Pérez García obtenida para estado de cuenta
2025-08-06 18:20:31.229 [AsyncResolver-bootstrap-executor-%d] INFO  c.n.d.s.r.aws.ConfigClusterResolver - Resolving eureka endpoints via configuration
2025-08-06 18:25:31.237 [AsyncResolver-bootstrap-executor-%d] INFO  c.n.d.s.r.aws.ConfigClusterResolver - Resolving eureka endpoints via configuration
2025-08-06 18:30:31.246 [AsyncResolver-bootstrap-executor-%d] INFO  c.n.d.s.r.aws.ConfigClusterResolver - Resolving eureka endpoints via configuration
2025-08-06 18:35:31.259 [AsyncResolver-bootstrap-executor-%d] INFO  c.n.d.s.r.aws.ConfigClusterResolver - Resolving eureka endpoints via configuration
2025-08-06 18:35:40.152 [SpringApplicationShutdownHook] INFO  o.s.c.n.e.s.EurekaServiceRegistry - Unregistering application MICROCUENTAS with eureka with status DOWN
2025-08-06 18:35:40.153 [SpringApplicationShutdownHook] INFO  c.netflix.discovery.DiscoveryClient - Saw local status change event StatusChangeEvent [timestamp=1754523340153, current=DOWN, previous=UP]
2025-08-06 18:35:40.153 [DiscoveryClient-InstanceInfoReplicator-%d] INFO  c.netflix.discovery.DiscoveryClient - DiscoveryClient_MICROCUENTAS/microcuentas:7a2f27cd-186f-4d62-b5c8-d604f8123353: registering service...
2025-08-06 18:35:40.173 [DiscoveryClient-InstanceInfoReplicator-%d] INFO  c.netflix.discovery.DiscoveryClient - DiscoveryClient_MICROCUENTAS/microcuentas:7a2f27cd-186f-4d62-b5c8-d604f8123353 - registration status: 204
2025-08-06 18:35:40.214 [SpringApplicationShutdownHook] INFO  o.s.o.j.LocalContainerEntityManagerFactoryBean - Closing JPA EntityManagerFactory for persistence unit 'default'
2025-08-06 18:35:40.222 [SpringApplicationShutdownHook] INFO  com.zaxxer.hikari.HikariDataSource - HikariPool-1 - Shutdown initiated...
2025-08-06 18:35:40.230 [SpringApplicationShutdownHook] INFO  com.zaxxer.hikari.HikariDataSource - HikariPool-1 - Shutdown completed.
2025-08-06 18:35:40.235 [SpringApplicationShutdownHook] INFO  c.netflix.discovery.DiscoveryClient - Shutting down DiscoveryClient ...
2025-08-06 18:35:43.246 [SpringApplicationShutdownHook] INFO  c.netflix.discovery.DiscoveryClient - Unregistering ...
2025-08-06 18:35:43.274 [SpringApplicationShutdownHook] INFO  c.netflix.discovery.DiscoveryClient - DiscoveryClient_MICROCUENTAS/microcuentas:7a2f27cd-186f-4d62-b5c8-d604f8123353 - deregister  status: 200
2025-08-06 18:35:43.274 [SpringApplicationShutdownHook] INFO  c.netflix.discovery.DiscoveryClient - Completed shut down of DiscoveryClient
