2025-08-06 10:26:39.240 [restartedMain] DEBUG org.hibernate.SQL - alter table if exists cliente alter column clienteid set data type varchar(255)
2025-08-06 10:26:39.291 [restartedMain] DEBUG org.hibernate.SQL - alter table if exists cliente alter column contrasena set data type varchar(255)
2025-08-06 10:26:39.302 [restartedMain] DEBUG org.hibernate.SQL - alter table if exists persona alter column identificacion set data type varchar(255)
2025-08-06 10:26:39.334 [restartedMain] DEBUG org.hibernate.SQL - alter table if exists persona alter column direccion set data type varchar(255)
2025-08-06 10:26:39.343 [restartedMain] DEBUG org.hibernate.SQL - alter table if exists persona alter column nombre set data type varchar(255)
2025-08-06 10:26:39.356 [restartedMain] DEBUG org.hibernate.SQL - alter table if exists persona alter column telefono set data type varchar(255)
2025-08-06 11:14:20.480 [http-nio-8080-exec-4] DEBUG org.hibernate.SQL - select c1_0.identificacion,c1_1.direccion,c1_1.edad,c1_1.genero,c1_1.nombre,c1_1.telefono,c1_0.clienteid,c1_0.contrasena,c1_0.estado from cliente c1_0 join persona c1_1 on c1_0.identificacion=c1_1.identificacion where c1_0.identificacion=?
2025-08-06 11:14:20.598 [http-nio-8080-exec-4] DEBUG org.hibernate.SQL - insert into persona (direccion,edad,genero,nombre,telefono,identificacion) values (?,?,?,?,?,?)
2025-08-06 11:14:20.615 [http-nio-8080-exec-4] DEBUG org.hibernate.SQL - insert into cliente (clienteid,contrasena,estado,identificacion) values (?,?,?,?)
2025-08-06 11:14:40.412 [http-nio-8080-exec-5] DEBUG org.hibernate.SQL - select c1_0.identificacion,c1_1.direccion,c1_1.edad,c1_1.genero,c1_1.nombre,c1_1.telefono,c1_0.clienteid,c1_0.contrasena,c1_0.estado from cliente c1_0 join persona c1_1 on c1_0.identificacion=c1_1.identificacion
2025-08-06 11:19:23.216 [http-nio-8080-exec-7] DEBUG org.hibernate.SQL - select c1_0.identificacion,c1_1.direccion,c1_1.edad,c1_1.genero,c1_1.nombre,c1_1.telefono,c1_0.clienteid,c1_0.contrasena,c1_0.estado from cliente c1_0 join persona c1_1 on c1_0.identificacion=c1_1.identificacion where c1_0.clienteid=?
2025-08-06 11:30:41.142 [http-nio-8080-exec-10] DEBUG org.hibernate.SQL - select c1_0.identificacion,c1_1.direccion,c1_1.edad,c1_1.genero,c1_1.nombre,c1_1.telefono,c1_0.clienteid,c1_0.contrasena,c1_0.estado from cliente c1_0 join persona c1_1 on c1_0.identificacion=c1_1.identificacion where c1_0.identificacion=?
2025-08-06 11:31:10.260 [http-nio-8080-exec-2] DEBUG org.hibernate.SQL - select c1_0.identificacion,c1_1.direccion,c1_1.edad,c1_1.genero,c1_1.nombre,c1_1.telefono,c1_0.clienteid,c1_0.contrasena,c1_0.estado from cliente c1_0 join persona c1_1 on c1_0.identificacion=c1_1.identificacion
2025-08-06 11:38:05.610 [http-nio-8080-exec-6] DEBUG org.hibernate.SQL - select c1_0.identificacion,c1_1.direccion,c1_1.edad,c1_1.genero,c1_1.nombre,c1_1.telefono,c1_0.clienteid,c1_0.contrasena,c1_0.estado from cliente c1_0 join persona c1_1 on c1_0.identificacion=c1_1.identificacion where c1_0.identificacion=?
2025-08-06 11:38:05.621 [http-nio-8080-exec-6] DEBUG org.hibernate.SQL - insert into persona (direccion,edad,genero,nombre,telefono,identificacion) values (?,?,?,?,?,?)
2025-08-06 11:38:05.625 [http-nio-8080-exec-6] DEBUG org.hibernate.SQL - insert into cliente (clienteid,contrasena,estado,identificacion) values (?,?,?,?)
2025-08-06 11:39:20.196 [http-nio-8080-exec-7] DEBUG org.hibernate.SQL - select c1_0.identificacion,c1_1.direccion,c1_1.edad,c1_1.genero,c1_1.nombre,c1_1.telefono,c1_0.clienteid,c1_0.contrasena,c1_0.estado from cliente c1_0 join persona c1_1 on c1_0.identificacion=c1_1.identificacion where c1_0.identificacion=?
2025-08-06 11:58:54.011 [http-nio-8080-exec-10] DEBUG org.hibernate.SQL - select c1_0.identificacion,c1_1.direccion,c1_1.edad,c1_1.genero,c1_1.nombre,c1_1.telefono,c1_0.clienteid,c1_0.contrasena,c1_0.estado from cliente c1_0 join persona c1_1 on c1_0.identificacion=c1_1.identificacion where c1_0.identificacion=?
2025-08-06 12:02:08.423 [http-nio-8080-exec-2] DEBUG org.hibernate.SQL - select c1_0.identificacion,c1_1.direccion,c1_1.edad,c1_1.genero,c1_1.nombre,c1_1.telefono,c1_0.clienteid,c1_0.contrasena,c1_0.estado from cliente c1_0 join persona c1_1 on c1_0.identificacion=c1_1.identificacion where c1_0.identificacion=?
2025-08-06 12:07:20.077 [http-nio-8080-exec-4] DEBUG org.hibernate.SQL - select c1_0.identificacion,c1_1.direccion,c1_1.edad,c1_1.genero,c1_1.nombre,c1_1.telefono,c1_0.clienteid,c1_0.contrasena,c1_0.estado from cliente c1_0 join persona c1_1 on c1_0.identificacion=c1_1.identificacion where c1_0.identificacion=?
2025-08-06 12:07:33.512 [http-nio-8080-exec-5] DEBUG org.hibernate.SQL - select c1_0.identificacion,c1_1.direccion,c1_1.edad,c1_1.genero,c1_1.nombre,c1_1.telefono,c1_0.clienteid,c1_0.contrasena,c1_0.estado from cliente c1_0 join persona c1_1 on c1_0.identificacion=c1_1.identificacion where c1_0.identificacion=?
2025-08-06 18:18:36.265 [http-nio-8080-exec-5] DEBUG org.hibernate.SQL - select c1_0.identificacion,c1_1.direccion,c1_1.edad,c1_1.genero,c1_1.nombre,c1_1.telefono,c1_0.clienteid,c1_0.contrasena,c1_0.estado from cliente c1_0 join persona c1_1 on c1_0.identificacion=c1_1.identificacion where c1_0.identificacion=?
